<?xml version="1.0" encoding="UTF-8"?>
<coverage generated="1709792190038" clover="3.2.0">
  <project timestamp="1709792190038" name="All files">
    <metrics statements="17" coveredstatements="14" conditionals="9" coveredconditionals="6" methods="1" coveredmethods="1" elements="27" coveredelements="21" complexity="0" loc="17" ncloc="17" packages="1" files="1" classes="1"/>
    <file name="CalculateCommission.js" path="/Users/korylajoie/Commission-Program/ComissionsCode/CalculateCommission.js">
      <metrics statements="17" coveredstatements="14" conditionals="9" coveredconditionals="6" methods="1" coveredmethods="1"/>
      <line num="4" count="8" type="stmt"/>
      <line num="5" count="8" type="stmt"/>
      <line num="6" count="8" type="stmt"/>
      <line num="9" count="8" type="stmt"/>
      <line num="10" count="8" type="stmt"/>
      <line num="11" count="8" type="stmt"/>
      <line num="14" count="8" type="stmt"/>
      <line num="17" count="8" type="cond" truecount="5" falsecount="0"/>
      <line num="18" count="7" type="stmt"/>
      <line num="23" count="1" type="cond" truecount="1" falsecount="1"/>
      <line num="24" count="1" type="stmt"/>
      <line num="25" count="0" type="cond" truecount="0" falsecount="2"/>
      <line num="26" count="0" type="stmt"/>
      <line num="28" count="0" type="stmt"/>
      <line num="32" count="1" type="stmt"/>
      <line num="34" count="1" type="stmt"/>
      <line num="36" count="1" type="stmt"/>
    </file>
  </project>
</coverage>
